<?xml version="1.0" ?>
<testsuite errors="0" failures="0" name="unittest.test.testmock.testwith.TestMockOpen-20200417190725" tests="13" time="0.052">
	<testcase classname="unittest.test.testmock.testwith.TestMockOpen" name="test_explicit_mock" time="0.008"/>
	<testcase classname="unittest.test.testmock.testwith.TestMockOpen" name="test_interleaved_reads" time="0.004"/>
	<testcase classname="unittest.test.testmock.testwith.TestMockOpen" name="test_mock_open" time="0.005"/>
	<testcase classname="unittest.test.testmock.testwith.TestMockOpen" name="test_mock_open_context_manager" time="0.008"/>
	<testcase classname="unittest.test.testmock.testwith.TestMockOpen" name="test_mock_open_context_manager_multiple_times" time="0.007"/>
	<testcase classname="unittest.test.testmock.testwith.TestMockOpen" name="test_mock_open_read_with_argument" time="0.002"/>
	<testcase classname="unittest.test.testmock.testwith.TestMockOpen" name="test_overriding_return_values" time="0.002"/>
	<testcase classname="unittest.test.testmock.testwith.TestMockOpen" name="test_read_bytes" time="0.002"/>
	<testcase classname="unittest.test.testmock.testwith.TestMockOpen" name="test_read_data" time="0.003"/>
	<testcase classname="unittest.test.testmock.testwith.TestMockOpen" name="test_readline_bytes" time="0.002"/>
	<testcase classname="unittest.test.testmock.testwith.TestMockOpen" name="test_readline_data" time="0.004"/>
	<testcase classname="unittest.test.testmock.testwith.TestMockOpen" name="test_readlines_bytes" time="0.002"/>
	<testcase classname="unittest.test.testmock.testwith.TestMockOpen" name="test_readlines_data" time="0.003"/>
	<system-out>
<![CDATA[]]>	</system-out>
	<system-err>
<![CDATA[]]>	</system-err>
</testsuite>
