<?xml version="1.0" ?>
<testsuite errors="0" failures="0" name="unittest.test.testmock.testhelpers.CallTest-20200422102217" tests="20" time="0.007">
	<testcase classname="unittest.test.testmock.testhelpers.CallTest" name="test_attribute_call" time="0.000"/>
	<testcase classname="unittest.test.testmock.testhelpers.CallTest" name="test_call" time="0.000"/>
	<testcase classname="unittest.test.testmock.testhelpers.CallTest" name="test_call_any" time="0.000"/>
	<testcase classname="unittest.test.testmock.testhelpers.CallTest" name="test_call_list" time="0.004"/>
	<testcase classname="unittest.test.testmock.testhelpers.CallTest" name="test_call_ne" time="0.000"/>
	<testcase classname="unittest.test.testmock.testhelpers.CallTest" name="test_call_non_tuples" time="0.000"/>
	<testcase classname="unittest.test.testmock.testhelpers.CallTest" name="test_call_with_args" time="0.000"/>
	<testcase classname="unittest.test.testmock.testhelpers.CallTest" name="test_call_with_args_call_empty_name" time="0.000"/>
	<testcase classname="unittest.test.testmock.testhelpers.CallTest" name="test_call_with_call" time="0.000"/>
	<testcase classname="unittest.test.testmock.testhelpers.CallTest" name="test_call_with_kwargs" time="0.000"/>
	<testcase classname="unittest.test.testmock.testhelpers.CallTest" name="test_call_with_name" time="0.000"/>
	<testcase classname="unittest.test.testmock.testhelpers.CallTest" name="test_empty__Call" time="0.000"/>
	<testcase classname="unittest.test.testmock.testhelpers.CallTest" name="test_extended_call" time="0.002"/>
	<testcase classname="unittest.test.testmock.testhelpers.CallTest" name="test_extended_not_equal" time="0.000"/>
	<testcase classname="unittest.test.testmock.testhelpers.CallTest" name="test_named_call_with_args" time="0.000"/>
	<testcase classname="unittest.test.testmock.testhelpers.CallTest" name="test_named_call_with_kwargs" time="0.000"/>
	<testcase classname="unittest.test.testmock.testhelpers.CallTest" name="test_named_empty_call" time="0.000"/>
	<testcase classname="unittest.test.testmock.testhelpers.CallTest" name="test_nested_calls_not_equal" time="0.000"/>
	<testcase classname="unittest.test.testmock.testhelpers.CallTest" name="test_repr" time="0.000"/>
	<testcase classname="unittest.test.testmock.testhelpers.CallTest" name="test_two_args_call" time="0.000"/>
	<system-out>
<![CDATA[]]>	</system-out>
	<system-err>
<![CDATA[]]>	</system-err>
</testsuite>
