<?xml version="1.0" ?>
<testsuite errors="0" failures="0" name="unittest.test.testmock.testmock.MockTest-20200417190725" tests="104" time="0.144">
	<testcase classname="unittest.test.testmock.testmock.MockTest" name="test__name__" time="0.000"/>
	<testcase classname="unittest.test.testmock.testmock.MockTest" name="test_adding_child_mock" time="0.005"/>
	<testcase classname="unittest.test.testmock.testmock.MockTest" name="test_adding_return_value_mock" time="0.001"/>
	<testcase classname="unittest.test.testmock.testmock.MockTest" name="test_all" time="0.000"/>
	<testcase classname="unittest.test.testmock.testmock.MockTest" name="test_arg_lists" time="0.004"/>
	<testcase classname="unittest.test.testmock.testmock.MockTest" name="test_assert_any_call" time="0.000"/>
	<testcase classname="unittest.test.testmock.testmock.MockTest" name="test_assert_any_call_with_function_spec" time="0.000"/>
	<testcase classname="unittest.test.testmock.testmock.MockTest" name="test_assert_called" time="0.000"/>
	<testcase classname="unittest.test.testmock.testmock.MockTest" name="test_assert_called_once" time="0.000"/>
	<testcase classname="unittest.test.testmock.testmock.MockTest" name="test_assert_called_once_with" time="0.000"/>
	<testcase classname="unittest.test.testmock.testmock.MockTest" name="test_assert_called_once_with_function_spec" time="0.000"/>
	<testcase classname="unittest.test.testmock.testmock.MockTest" name="test_assert_called_once_with_message" time="0.000"/>
	<testcase classname="unittest.test.testmock.testmock.MockTest" name="test_assert_called_with" time="0.000"/>
	<testcase classname="unittest.test.testmock.testmock.MockTest" name="test_assert_called_with_any" time="0.000"/>
	<testcase classname="unittest.test.testmock.testmock.MockTest" name="test_assert_called_with_failure_message" time="0.000"/>
	<testcase classname="unittest.test.testmock.testmock.MockTest" name="test_assert_called_with_function_spec" time="0.000"/>
	<testcase classname="unittest.test.testmock.testmock.MockTest" name="test_assert_called_with_message" time="0.000"/>
	<testcase classname="unittest.test.testmock.testmock.MockTest" name="test_assert_called_with_method_spec" time="0.001"/>
	<testcase classname="unittest.test.testmock.testmock.MockTest" name="test_assert_has_calls" time="0.004"/>
	<testcase classname="unittest.test.testmock.testmock.MockTest" name="test_assert_has_calls_any_order" time="0.000"/>
	<testcase classname="unittest.test.testmock.testmock.MockTest" name="test_assert_has_calls_with_function_spec" time="0.001"/>
	<testcase classname="unittest.test.testmock.testmock.MockTest" name="test_assert_not_called" time="0.000"/>
	<testcase classname="unittest.test.testmock.testmock.MockTest" name="test_attach_mock" time="0.005"/>
	<testcase classname="unittest.test.testmock.testmock.MockTest" name="test_attach_mock_return_value" time="0.003"/>
	<testcase classname="unittest.test.testmock.testmock.MockTest" name="test_attribute_access_returns_mocks" time="0.000"/>
	<testcase classname="unittest.test.testmock.testmock.MockTest" name="test_attribute_deletion" time="0.001"/>
	<testcase classname="unittest.test.testmock.testmock.MockTest" name="test_attributes_have_name_and_parent_set" time="0.000"/>
	<testcase classname="unittest.test.testmock.testmock.MockTest" name="test_autospec_side_effect" time="0.005"/>
	<testcase classname="unittest.test.testmock.testmock.MockTest" name="test_autospec_side_effect_exception" time="0.001"/>
	<testcase classname="unittest.test.testmock.testmock.MockTest" name="test_baseexceptional_side_effect" time="0.000"/>
	<testcase classname="unittest.test.testmock.testmock.MockTest" name="test_call" time="0.000"/>
	<testcase classname="unittest.test.testmock.testmock.MockTest" name="test_call_args_comparison" time="0.000"/>
	<testcase classname="unittest.test.testmock.testmock.MockTest" name="test_call_args_two_tuple" time="0.000"/>
	<testcase classname="unittest.test.testmock.testmock.MockTest" name="test_calls_equal_with_any" time="0.001"/>
	<testcase classname="unittest.test.testmock.testmock.MockTest" name="test_child_mock_call_equal" time="0.000"/>
	<testcase classname="unittest.test.testmock.testmock.MockTest" name="test_class_assignable" time="0.000"/>
	<testcase classname="unittest.test.testmock.testmock.MockTest" name="test_configure_mock" time="0.001"/>
	<testcase classname="unittest.test.testmock.testmock.MockTest" name="test_constructor" time="0.000"/>
	<testcase classname="unittest.test.testmock.testmock.MockTest" name="test_copy" time="0.000"/>
	<testcase classname="unittest.test.testmock.testmock.MockTest" name="test_create_autospec_with_name" time="0.000"/>
	<testcase classname="unittest.test.testmock.testmock.MockTest" name="test_customize_wrapped_object_with_return_value" time="0.000"/>
	<testcase classname="unittest.test.testmock.testmock.MockTest" name="test_customize_wrapped_object_with_return_value_and_side_effect" time="0.000"/>
	<testcase classname="unittest.test.testmock.testmock.MockTest" name="test_customize_wrapped_object_with_return_value_and_side_effect2" time="0.000"/>
	<testcase classname="unittest.test.testmock.testmock.MockTest" name="test_customize_wrapped_object_with_return_value_and_side_effect_default" time="0.000"/>
	<testcase classname="unittest.test.testmock.testmock.MockTest" name="test_customize_wrapped_object_with_side_effect_exception" time="0.000"/>
	<testcase classname="unittest.test.testmock.testmock.MockTest" name="test_customize_wrapped_object_with_side_effect_function" time="0.000"/>
	<testcase classname="unittest.test.testmock.testmock.MockTest" name="test_customize_wrapped_object_with_side_effect_iterable" time="0.000"/>
	<testcase classname="unittest.test.testmock.testmock.MockTest" name="test_customize_wrapped_object_with_side_effect_iterable_with_default" time="0.000"/>
	<testcase classname="unittest.test.testmock.testmock.MockTest" name="test_dir" time="0.000"/>
	<testcase classname="unittest.test.testmock.testmock.MockTest" name="test_dir_from_spec" time="0.000"/>
	<testcase classname="unittest.test.testmock.testmock.MockTest" name="test_exceptional_side_effect" time="0.000"/>
	<testcase classname="unittest.test.testmock.testmock.MockTest" name="test_filter_dir" time="0.000"/>
	<testcase classname="unittest.test.testmock.testmock.MockTest" name="test_from_spec" time="0.001"/>
	<testcase classname="unittest.test.testmock.testmock.MockTest" name="test_magic_methods_mock_calls" time="0.001"/>
	<testcase classname="unittest.test.testmock.testmock.MockTest" name="test_manager_mock" time="0.001"/>
	<testcase classname="unittest.test.testmock.testmock.MockTest" name="test_method_calls_compare_easily" time="0.000"/>
	<testcase classname="unittest.test.testmock.testmock.MockTest" name="test_method_calls_recorded" time="0.000"/>
	<testcase classname="unittest.test.testmock.testmock.MockTest" name="test_mock_add_spec" time="0.036"/>
	<testcase classname="unittest.test.testmock.testmock.MockTest" name="test_mock_add_spec_magic_methods" time="0.003"/>
	<testcase classname="unittest.test.testmock.testmock.MockTest" name="test_mock_call_not_equal_leaf" time="0.000"/>
	<testcase classname="unittest.test.testmock.testmock.MockTest" name="test_mock_call_not_equal_non_leaf" time="0.000"/>
	<testcase classname="unittest.test.testmock.testmock.MockTest" name="test_mock_call_not_equal_non_leaf_attr" time="0.000"/>
	<testcase classname="unittest.test.testmock.testmock.MockTest" name="test_mock_call_not_equal_non_leaf_call_versus_attr" time="0.000"/>
	<testcase classname="unittest.test.testmock.testmock.MockTest" name="test_mock_call_not_equal_non_leaf_params_different" time="0.000"/>
	<testcase classname="unittest.test.testmock.testmock.MockTest" name="test_mock_call_repr" time="0.001"/>
	<testcase classname="unittest.test.testmock.testmock.MockTest" name="test_mock_calls" time="0.011"/>
	<testcase classname="unittest.test.testmock.testmock.MockTest" name="test_mock_calls_create_autospec" time="0.002"/>
	<testcase classname="unittest.test.testmock.testmock.MockTest" name="test_mock_open_after_eof" time="0.002"/>
	<testcase classname="unittest.test.testmock.testmock.MockTest" name="test_mock_open_alter_readline" time="0.002"/>
	<testcase classname="unittest.test.testmock.testmock.MockTest" name="test_mock_open_reuse_issue_21750" time="0.001"/>
	<testcase classname="unittest.test.testmock.testmock.MockTest" name="test_mock_open_write" time="0.001"/>
	<testcase classname="unittest.test.testmock.testmock.MockTest" name="test_mock_parents" time="0.002"/>
	<testcase classname="unittest.test.testmock.testmock.MockTest" name="test_mock_unsafe" time="0.002"/>
	<testcase classname="unittest.test.testmock.testmock.MockTest" name="test_name_attribute_of_call" time="0.000"/>
	<testcase classname="unittest.test.testmock.testmock.MockTest" name="test_only_allowed_methods_exist" time="0.001"/>
	<testcase classname="unittest.test.testmock.testmock.MockTest" name="test_override_tuple_methods" time="0.000"/>
	<testcase classname="unittest.test.testmock.testmock.MockTest" name="test_parent_attribute_of_call" time="0.000"/>
	<testcase classname="unittest.test.testmock.testmock.MockTest" name="test_repr" time="0.004"/>
	<testcase classname="unittest.test.testmock.testmock.MockTest" name="test_repr_with_spec" time="0.003"/>
	<testcase classname="unittest.test.testmock.testmock.MockTest" name="test_reset_mock" time="0.001"/>
	<testcase classname="unittest.test.testmock.testmock.MockTest" name="test_reset_mock_does_not_raise_on_attr_deletion" time="0.001"/>
	<testcase classname="unittest.test.testmock.testmock.MockTest" name="test_reset_mock_on_mock_open_issue_18622" time="0.004"/>
	<testcase classname="unittest.test.testmock.testmock.MockTest" name="test_reset_mock_recursion" time="0.001"/>
	<testcase classname="unittest.test.testmock.testmock.MockTest" name="test_reset_return" time="0.001"/>
	<testcase classname="unittest.test.testmock.testmock.MockTest" name="test_reset_return_sideeffect" time="0.001"/>
	<testcase classname="unittest.test.testmock.testmock.MockTest" name="test_reset_sideeffect" time="0.000"/>
	<testcase classname="unittest.test.testmock.testmock.MockTest" name="test_return_value_in_constructor" time="0.000"/>
	<testcase classname="unittest.test.testmock.testmock.MockTest" name="test_setting_attribute_with_spec_set" time="0.003"/>
	<testcase classname="unittest.test.testmock.testmock.MockTest" name="test_setting_call" time="0.000"/>
	<testcase classname="unittest.test.testmock.testmock.MockTest" name="test_side_effect" time="0.000"/>
	<testcase classname="unittest.test.testmock.testmock.MockTest" name="test_side_effect_iterator" time="0.006"/>
	<testcase classname="unittest.test.testmock.testmock.MockTest" name="test_side_effect_iterator_default" time="0.000"/>
	<testcase classname="unittest.test.testmock.testmock.MockTest" name="test_side_effect_iterator_exceptions" time="0.001"/>
	<testcase classname="unittest.test.testmock.testmock.MockTest" name="test_side_effect_setting_iterator" time="0.001"/>
	<testcase classname="unittest.test.testmock.testmock.MockTest" name="test_sorted_call_signature" time="0.002"/>
	<testcase classname="unittest.test.testmock.testmock.MockTest" name="test_spec_class" time="0.003"/>
	<testcase classname="unittest.test.testmock.testmock.MockTest" name="test_spec_list_subclass" time="0.000"/>
	<testcase classname="unittest.test.testmock.testmock.MockTest" name="test_subclass_with_properties" time="0.001"/>
	<testcase classname="unittest.test.testmock.testmock.MockTest" name="test_subclassing" time="0.003"/>
	<testcase classname="unittest.test.testmock.testmock.MockTest" name="test_wraps_attributes" time="0.002"/>
	<testcase classname="unittest.test.testmock.testmock.MockTest" name="test_wraps_call_with_nondefault_return_value" time="0.000"/>
	<testcase classname="unittest.test.testmock.testmock.MockTest" name="test_wraps_calls" time="0.000"/>
	<testcase classname="unittest.test.testmock.testmock.MockTest" name="test_wraps_prevents_automatic_creation_of_mocks" time="0.000"/>
	<testcase classname="unittest.test.testmock.testmock.MockTest" name="test_java_exception_side_effect" time="0.000">
		<skipped message="This test only applies to Jython" type="skip"/>
	</testcase>
	<system-out>
<![CDATA[]]>	</system-out>
	<system-err>
<![CDATA[]]>	</system-err>
</testsuite>
