<?xml version="1.0" ?>
<testsuite errors="0" failures="0" name="unittest.test.testmock.testsentinel.SentinelTest-20200422102217" tests="4" time="0.000">
	<testcase classname="unittest.test.testmock.testsentinel.SentinelTest" name="testBases" time="0.000"/>
	<testcase classname="unittest.test.testmock.testsentinel.SentinelTest" name="testDEFAULT" time="0.000"/>
	<testcase classname="unittest.test.testmock.testsentinel.SentinelTest" name="testSentinelName" time="0.000"/>
	<testcase classname="unittest.test.testmock.testsentinel.SentinelTest" name="testSentinels" time="0.000"/>
	<system-out>
<![CDATA[]]>	</system-out>
	<system-err>
<![CDATA[]]>	</system-err>
</testsuite>
