<?xml version="1.0" ?>
<testsuite errors="0" failures="0" name="unittest.test.testmock.testpatch.PatchTest-20200422102217" tests="96" time="0.131">
	<testcase classname="unittest.test.testmock.testpatch.PatchTest" name="test_autospec" time="0.051"/>
	<testcase classname="unittest.test.testmock.testpatch.PatchTest" name="test_autospec_function" time="0.001"/>
	<testcase classname="unittest.test.testmock.testpatch.PatchTest" name="test_autospec_inherits" time="0.003"/>
	<testcase classname="unittest.test.testmock.testpatch.PatchTest" name="test_autospec_keywords" time="0.000"/>
	<testcase classname="unittest.test.testmock.testpatch.PatchTest" name="test_autospec_name" time="0.002"/>
	<testcase classname="unittest.test.testmock.testpatch.PatchTest" name="test_autospec_with_new" time="0.000"/>
	<testcase classname="unittest.test.testmock.testpatch.PatchTest" name="test_autospec_with_object" time="0.004"/>
	<testcase classname="unittest.test.testmock.testpatch.PatchTest" name="test_callable_spec_as_list" time="0.000"/>
	<testcase classname="unittest.test.testmock.testpatch.PatchTest" name="test_create_and_specs" time="0.003"/>
	<testcase classname="unittest.test.testmock.testpatch.PatchTest" name="test_falsey_spec" time="0.001"/>
	<testcase classname="unittest.test.testmock.testpatch.PatchTest" name="test_get_only_proxy" time="0.000"/>
	<testcase classname="unittest.test.testmock.testpatch.PatchTest" name="test_get_set_delete_proxy" time="0.000"/>
	<testcase classname="unittest.test.testmock.testpatch.PatchTest" name="test_mock_calls_with_patch" time="0.006"/>
	<testcase classname="unittest.test.testmock.testpatch.PatchTest" name="test_multiple_patchobject" time="0.000"/>
	<testcase classname="unittest.test.testmock.testpatch.PatchTest" name="test_multiple_specs" time="0.000"/>
	<testcase classname="unittest.test.testmock.testpatch.PatchTest" name="test_name_preserved" time="0.000"/>
	<testcase classname="unittest.test.testmock.testpatch.PatchTest" name="test_nested_patch_failure" time="0.000"/>
	<testcase classname="unittest.test.testmock.testpatch.PatchTest" name="test_nested_patch_with_spec_as_list" time="0.001"/>
	<testcase classname="unittest.test.testmock.testpatch.PatchTest" name="test_new_callable_class_decorating" time="0.000"/>
	<testcase classname="unittest.test.testmock.testpatch.PatchTest" name="test_new_callable_create" time="0.000"/>
	<testcase classname="unittest.test.testmock.testpatch.PatchTest" name="test_new_callable_failure" time="0.000"/>
	<testcase classname="unittest.test.testmock.testpatch.PatchTest" name="test_new_callable_incompatible_with_autospec" time="0.000"/>
	<testcase classname="unittest.test.testmock.testpatch.PatchTest" name="test_new_callable_incompatible_with_new" time="0.000"/>
	<testcase classname="unittest.test.testmock.testpatch.PatchTest" name="test_new_callable_inherit_for_mocks" time="0.005"/>
	<testcase classname="unittest.test.testmock.testpatch.PatchTest" name="test_new_callable_inherit_non_mock" time="0.000"/>
	<testcase classname="unittest.test.testmock.testpatch.PatchTest" name="test_new_callable_keyword_arguments" time="0.000"/>
	<testcase classname="unittest.test.testmock.testpatch.PatchTest" name="test_new_callable_patch" time="0.001"/>
	<testcase classname="unittest.test.testmock.testpatch.PatchTest" name="test_new_callable_patch_object" time="0.000"/>
	<testcase classname="unittest.test.testmock.testpatch.PatchTest" name="test_new_callable_spec" time="0.000"/>
	<testcase classname="unittest.test.testmock.testpatch.PatchTest" name="test_not_callable_spec_as_list" time="0.000"/>
	<testcase classname="unittest.test.testmock.testpatch.PatchTest" name="test_object_lookup_is_quite_lazy" time="0.000"/>
	<testcase classname="unittest.test.testmock.testpatch.PatchTest" name="test_patch" time="0.000"/>
	<testcase classname="unittest.test.testmock.testpatch.PatchTest" name="test_patch_builtins_without_create" time="0.001"/>
	<testcase classname="unittest.test.testmock.testpatch.PatchTest" name="test_patch_class_acts_with_spec_is_inherited" time="0.002"/>
	<testcase classname="unittest.test.testmock.testpatch.PatchTest" name="test_patch_class_attribute" time="0.000"/>
	<testcase classname="unittest.test.testmock.testpatch.PatchTest" name="test_patch_class_decorator" time="0.002"/>
	<testcase classname="unittest.test.testmock.testpatch.PatchTest" name="test_patch_descriptor" time="0.000"/>
	<testcase classname="unittest.test.testmock.testpatch.PatchTest" name="test_patch_dict" time="0.000"/>
	<testcase classname="unittest.test.testmock.testpatch.PatchTest" name="test_patch_dict_class_decorator" time="0.000"/>
	<testcase classname="unittest.test.testmock.testpatch.PatchTest" name="test_patch_dict_keyword_args" time="0.000"/>
	<testcase classname="unittest.test.testmock.testpatch.PatchTest" name="test_patch_dict_start_stop" time="0.000"/>
	<testcase classname="unittest.test.testmock.testpatch.PatchTest" name="test_patch_dict_test_prefix" time="0.000"/>
	<testcase classname="unittest.test.testmock.testpatch.PatchTest" name="test_patch_dict_with_clear" time="0.000"/>
	<testcase classname="unittest.test.testmock.testpatch.PatchTest" name="test_patch_dict_with_container_object" time="0.000"/>
	<testcase classname="unittest.test.testmock.testpatch.PatchTest" name="test_patch_dict_with_container_object_and_clear" time="0.000"/>
	<testcase classname="unittest.test.testmock.testpatch.PatchTest" name="test_patch_dict_with_string" time="0.000"/>
	<testcase classname="unittest.test.testmock.testpatch.PatchTest" name="test_patch_imports_lazily" time="0.001"/>
	<testcase classname="unittest.test.testmock.testpatch.PatchTest" name="test_patch_keyword_args" time="0.001"/>
	<testcase classname="unittest.test.testmock.testpatch.PatchTest" name="test_patch_local" time="0.000"/>
	<testcase classname="unittest.test.testmock.testpatch.PatchTest" name="test_patch_multiple" time="0.000"/>
	<testcase classname="unittest.test.testmock.testpatch.PatchTest" name="test_patch_multiple_create" time="0.000"/>
	<testcase classname="unittest.test.testmock.testpatch.PatchTest" name="test_patch_multiple_create_mocks" time="0.001"/>
	<testcase classname="unittest.test.testmock.testpatch.PatchTest" name="test_patch_multiple_create_mocks_different_order" time="0.000"/>
	<testcase classname="unittest.test.testmock.testpatch.PatchTest" name="test_patch_multiple_create_mocks_patcher" time="0.001"/>
	<testcase classname="unittest.test.testmock.testpatch.PatchTest" name="test_patch_multiple_decorating_class" time="0.002"/>
	<testcase classname="unittest.test.testmock.testpatch.PatchTest" name="test_patch_multiple_failure" time="0.000"/>
	<testcase classname="unittest.test.testmock.testpatch.PatchTest" name="test_patch_multiple_new_callable" time="0.000"/>
	<testcase classname="unittest.test.testmock.testpatch.PatchTest" name="test_patch_multiple_new_callable_failure" time="0.000"/>
	<testcase classname="unittest.test.testmock.testpatch.PatchTest" name="test_patch_multiple_no_kwargs" time="0.000"/>
	<testcase classname="unittest.test.testmock.testpatch.PatchTest" name="test_patch_multiple_spec_set" time="0.001"/>
	<testcase classname="unittest.test.testmock.testpatch.PatchTest" name="test_patch_multiple_stacked_decorators" time="0.001"/>
	<testcase classname="unittest.test.testmock.testpatch.PatchTest" name="test_patch_multiple_string_subclasses" time="0.000"/>
	<testcase classname="unittest.test.testmock.testpatch.PatchTest" name="test_patch_nested_autospec_repr" time="0.004"/>
	<testcase classname="unittest.test.testmock.testpatch.PatchTest" name="test_patch_object_keyword_args" time="0.001"/>
	<testcase classname="unittest.test.testmock.testpatch.PatchTest" name="test_patch_object_with_spec_as_boolean" time="0.001"/>
	<testcase classname="unittest.test.testmock.testpatch.PatchTest" name="test_patch_propogrates_exc_on_exit" time="0.000"/>
	<testcase classname="unittest.test.testmock.testpatch.PatchTest" name="test_patch_slots" time="0.000"/>
	<testcase classname="unittest.test.testmock.testpatch.PatchTest" name="test_patch_spec_set" time="0.004"/>
	<testcase classname="unittest.test.testmock.testpatch.PatchTest" name="test_patch_start_stop" time="0.000"/>
	<testcase classname="unittest.test.testmock.testpatch.PatchTest" name="test_patch_stopall" time="0.000"/>
	<testcase classname="unittest.test.testmock.testpatch.PatchTest" name="test_patch_test_prefix" time="0.000"/>
	<testcase classname="unittest.test.testmock.testpatch.PatchTest" name="test_patch_with_create_mocks_non_existent_attributes" time="0.000"/>
	<testcase classname="unittest.test.testmock.testpatch.PatchTest" name="test_patch_with_exception" time="0.000"/>
	<testcase classname="unittest.test.testmock.testpatch.PatchTest" name="test_patch_with_spec" time="0.002"/>
	<testcase classname="unittest.test.testmock.testpatch.PatchTest" name="test_patch_with_spec_as_boolean" time="0.002"/>
	<testcase classname="unittest.test.testmock.testpatch.PatchTest" name="test_patch_with_spec_as_list" time="0.001"/>
	<testcase classname="unittest.test.testmock.testpatch.PatchTest" name="test_patch_with_spec_mock_repr" time="0.006"/>
	<testcase classname="unittest.test.testmock.testpatch.PatchTest" name="test_patch_with_static_methods" time="0.000"/>
	<testcase classname="unittest.test.testmock.testpatch.PatchTest" name="test_patch_wont_create_by_default" time="0.000"/>
	<testcase classname="unittest.test.testmock.testpatch.PatchTest" name="test_patchobject_class_decorator" time="0.000"/>
	<testcase classname="unittest.test.testmock.testpatch.PatchTest" name="test_patchobject_start_stop" time="0.000"/>
	<testcase classname="unittest.test.testmock.testpatch.PatchTest" name="test_patchobject_twice" time="0.000"/>
	<testcase classname="unittest.test.testmock.testpatch.PatchTest" name="test_patchobject_with_create_mocks_non_existent_attributes" time="0.000"/>
	<testcase classname="unittest.test.testmock.testpatch.PatchTest" name="test_patchobject_with_default_mock" time="0.003"/>
	<testcase classname="unittest.test.testmock.testpatch.PatchTest" name="test_patchobject_with_none" time="0.000"/>
	<testcase classname="unittest.test.testmock.testpatch.PatchTest" name="test_patchobject_with_spec" time="0.001"/>
	<testcase classname="unittest.test.testmock.testpatch.PatchTest" name="test_patchobject_with_spec_as_list" time="0.000"/>
	<testcase classname="unittest.test.testmock.testpatch.PatchTest" name="test_patchobject_wont_create_by_default" time="0.000"/>
	<testcase classname="unittest.test.testmock.testpatch.PatchTest" name="test_single_patchobject" time="0.000"/>
	<testcase classname="unittest.test.testmock.testpatch.PatchTest" name="test_spec_set_inherit" time="0.001"/>
	<testcase classname="unittest.test.testmock.testpatch.PatchTest" name="test_spec_set_true" time="0.003"/>
	<testcase classname="unittest.test.testmock.testpatch.PatchTest" name="test_special_attrs" time="0.000"/>
	<testcase classname="unittest.test.testmock.testpatch.PatchTest" name="test_specs_false_instead_of_none" time="0.000"/>
	<testcase classname="unittest.test.testmock.testpatch.PatchTest" name="test_stop_without_start" time="0.000"/>
	<testcase classname="unittest.test.testmock.testpatch.PatchTest" name="test_stopall_lifo" time="0.000"/>
	<testcase classname="unittest.test.testmock.testpatch.PatchTest" name="test_tracebacks" time="0.004"/>
	<system-out>
<![CDATA[]]>	</system-out>
	<system-err>
<![CDATA[]]>	</system-err>
</testsuite>
