<?xml version="1.0" ?>
<testsuite errors="0" failures="0" name="unittest.test.testmock.testmagicmethods.TestMockingMagicMethods-20200417190725" tests="32" time="0.027">
	<testcase classname="unittest.test.testmock.testmagicmethods.TestMockingMagicMethods" name="test_attributes_and_return_value" time="0.000"/>
	<testcase classname="unittest.test.testmock.testmagicmethods.TestMockingMagicMethods" name="test_bound_methods" time="0.000"/>
	<testcase classname="unittest.test.testmock.testmagicmethods.TestMockingMagicMethods" name="test_changing_magic_set_in_initialization" time="0.001"/>
	<testcase classname="unittest.test.testmock.testmagicmethods.TestMockingMagicMethods" name="test_comparison" time="0.005"/>
	<testcase classname="unittest.test.testmock.testmagicmethods.TestMockingMagicMethods" name="test_deleting_magic_methods" time="0.000"/>
	<testcase classname="unittest.test.testmock.testmagicmethods.TestMockingMagicMethods" name="test_descriptor_from_class" time="0.000"/>
	<testcase classname="unittest.test.testmock.testmagicmethods.TestMockingMagicMethods" name="test_dict_methods" time="0.000"/>
	<testcase classname="unittest.test.testmock.testmagicmethods.TestMockingMagicMethods" name="test_dir" time="0.000"/>
	<testcase classname="unittest.test.testmock.testmagicmethods.TestMockingMagicMethods" name="test_division" time="0.000"/>
	<testcase classname="unittest.test.testmock.testmagicmethods.TestMockingMagicMethods" name="test_divmod_and_rdivmod" time="0.001"/>
	<testcase classname="unittest.test.testmock.testmagicmethods.TestMockingMagicMethods" name="test_equality" time="0.001"/>
	<testcase classname="unittest.test.testmock.testmagicmethods.TestMockingMagicMethods" name="test_hash" time="0.000"/>
	<testcase classname="unittest.test.testmock.testmagicmethods.TestMockingMagicMethods" name="test_iterable_as_iter_return_value" time="0.001"/>
	<testcase classname="unittest.test.testmock.testmagicmethods.TestMockingMagicMethods" name="test_len_contains_iter" time="0.000"/>
	<testcase classname="unittest.test.testmock.testmagicmethods.TestMockingMagicMethods" name="test_magic_in_initialization" time="0.000"/>
	<testcase classname="unittest.test.testmock.testmagicmethods.TestMockingMagicMethods" name="test_magic_method_reset_mock" time="0.000"/>
	<testcase classname="unittest.test.testmock.testmagicmethods.TestMockingMagicMethods" name="test_magic_method_type" time="0.000"/>
	<testcase classname="unittest.test.testmock.testmagicmethods.TestMockingMagicMethods" name="test_magic_method_wrapping" time="0.000"/>
	<testcase classname="unittest.test.testmock.testmagicmethods.TestMockingMagicMethods" name="test_magic_methods_and_spec" time="0.002"/>
	<testcase classname="unittest.test.testmock.testmagicmethods.TestMockingMagicMethods" name="test_magic_methods_and_spec_set" time="0.001"/>
	<testcase classname="unittest.test.testmock.testmagicmethods.TestMockingMagicMethods" name="test_magic_methods_are_magic_mocks" time="0.001"/>
	<testcase classname="unittest.test.testmock.testmagicmethods.TestMockingMagicMethods" name="test_magic_methods_isolated_between_mocks" time="0.000"/>
	<testcase classname="unittest.test.testmock.testmagicmethods.TestMockingMagicMethods" name="test_magic_mock_equality" time="0.000"/>
	<testcase classname="unittest.test.testmock.testmagicmethods.TestMockingMagicMethods" name="test_magicmock" time="0.009"/>
	<testcase classname="unittest.test.testmock.testmagicmethods.TestMockingMagicMethods" name="test_magicmock_defaults" time="0.002"/>
	<testcase classname="unittest.test.testmock.testmagicmethods.TestMockingMagicMethods" name="test_magicmock_del" time="0.001"/>
	<testcase classname="unittest.test.testmock.testmagicmethods.TestMockingMagicMethods" name="test_matmul" time="0.001"/>
	<testcase classname="unittest.test.testmock.testmagicmethods.TestMockingMagicMethods" name="test_nonzero" time="0.000"/>
	<testcase classname="unittest.test.testmock.testmagicmethods.TestMockingMagicMethods" name="test_numeric" time="0.000"/>
	<testcase classname="unittest.test.testmock.testmagicmethods.TestMockingMagicMethods" name="test_repr" time="0.000"/>
	<testcase classname="unittest.test.testmock.testmagicmethods.TestMockingMagicMethods" name="test_setting_unsupported_magic_method" time="0.000"/>
	<testcase classname="unittest.test.testmock.testmagicmethods.TestMockingMagicMethods" name="test_str" time="0.000"/>
	<system-out>
<![CDATA[]]>	</system-out>
	<system-err>
<![CDATA[]]>	</system-err>
</testsuite>
